<?xml version="1.0" encoding="UTF-8"?>
<!-- Generated by org.testng.reporters.JUnitXMLReporter -->
<testsuite hostname="DELL-PC" name="myTest" tests="6" failures="0" timestamp="5 Jan 2019 16:09:58 GMT" time="58.778" errors="0">
  <testcase name="addEmp" time="45.383" classname="myPack.Namratha"/>
  <testcase name="addLocation" time="0.001" classname="myPack.Namratha"/>
  <testcase name="deleteEmp" time="0.0" classname="myPack.Namratha"/>
  <testcase name="editEmp" time="0.001" classname="myPack.Namratha"/>
  <testcase name="editLocation" time="0.001" classname="myPack.Namratha"/>
  <testcase name="verifyLogin" time="13.37" classname="myPack.Namratha"/>
</testsuite> <!-- myTest -->
