<?xml version="1.0" encoding="UTF-8"?>
<testng-results skipped="0" failed="0" total="6" passed="6">
  <reporter-output>
  </reporter-output>
  <suite name="mysuite" duration-ms="58778" started-at="2019-01-05T16:09:00Z" finished-at="2019-01-05T16:09:58Z">
    <groups>
    </groups>
    <test name="myTest" duration-ms="58778" started-at="2019-01-05T16:09:00Z" finished-at="2019-01-05T16:09:58Z">
      <class name="myPack.Namratha">
        <test-method status="PASS" signature="addEmp()[pri:0, instance:myPack.Namratha@48140564]" name="addEmp" duration-ms="45383" started-at="2019-01-05T21:39:00Z" finished-at="2019-01-05T21:39:45Z">
          <reporter-output>
          </reporter-output>
        </test-method> <!-- addEmp -->
        <test-method status="PASS" signature="addLocation()[pri:0, instance:myPack.Namratha@48140564]" name="addLocation" duration-ms="1" started-at="2019-01-05T21:39:45Z" finished-at="2019-01-05T21:39:45Z">
          <reporter-output>
          </reporter-output>
        </test-method> <!-- addLocation -->
        <test-method status="PASS" signature="deleteEmp()[pri:0, instance:myPack.Namratha@48140564]" name="deleteEmp" duration-ms="0" started-at="2019-01-05T21:39:45Z" finished-at="2019-01-05T21:39:45Z">
          <reporter-output>
          </reporter-output>
        </test-method> <!-- deleteEmp -->
        <test-method status="PASS" signature="editEmp()[pri:0, instance:myPack.Namratha@48140564]" name="editEmp" duration-ms="1" started-at="2019-01-05T21:39:45Z" finished-at="2019-01-05T21:39:45Z">
          <reporter-output>
          </reporter-output>
        </test-method> <!-- editEmp -->
        <test-method status="PASS" signature="editLocation()[pri:0, instance:myPack.Namratha@48140564]" name="editLocation" duration-ms="1" started-at="2019-01-05T21:39:45Z" finished-at="2019-01-05T21:39:45Z">
          <reporter-output>
          </reporter-output>
        </test-method> <!-- editLocation -->
        <test-method status="PASS" signature="verifyLogin()[pri:0, instance:myPack.Namratha@48140564]" name="verifyLogin" duration-ms="13370" started-at="2019-01-05T21:39:45Z" finished-at="2019-01-05T21:39:58Z">
          <reporter-output>
          </reporter-output>
        </test-method> <!-- verifyLogin -->
      </class> <!-- myPack.Namratha -->
    </test> <!-- myTest -->
  </suite> <!-- mysuite -->
</testng-results>
